# JRE version: OpenJDK Runtime Environment (11.0.12+7) (build 11.0.12+7-b1504.28-7817840)
# Java VM: OpenJDK 64-Bit Server VM (11.0.12+7-b1504.28-7817840, mixed mode, tiered, compressed oops, g1 gc, windows-amd64)
Heap:
 garbage-first heap   total 395264K, used 157377K [0x0000000080000000, 0x0000000100000000)
  region size 1024K, 7 young (7168K), 7 survivors (7168K)
 Metaspace       used 123723K, capacity 126855K, committed 127608K, reserved 1159168K
  class space    used 15406K, capacity 16594K, committed 17016K, reserved 1048576K
GC Heap History (20 events):
Event: 34.015 GC heap after
{Heap after GC invocations=53 (full 0):
 garbage-first heap   total 273408K, used 149323K [0x0000000080000000, 0x0000000100000000)
  region size 1024K, 3 young (3072K), 3 survivors (3072K)
 Metaspace       used 122253K, capacity 125623K, committed 125688K, reserved 1159168K
  class space    used 15525K, capacity 16848K, committed 16888K, reserved 1048576K
}
Event: 34.538 GC heap before
{Heap before GC invocations=54 (full 0):
 garbage-first heap   total 273408K, used 221003K [0x0000000080000000, 0x0000000100000000)
  region size 1024K, 74 young (75776K), 3 survivors (3072K)
 Metaspace       used 122535K, capacity 125659K, committed 126584K, reserved 1159168K
  class space    used 15361K, capacity 16556K, committed 17016K, reserved 1048576K
}
Event: 34.546 GC heap after
{Heap after GC invocations=55 (full 0):
 garbage-first heap   total 273408K, used 151069K [0x0000000080000000, 0x0000000100000000)
  region size 1024K, 4 young (4096K), 4 survivors (4096K)
 Metaspace       used 122535K, capacity 125659K, committed 126584K, reserved 1159168K
  class space    used 15361K, capacity 16556K, committed 17016K, reserved 1048576K
}
Event: 34.604 GC heap before
{Heap before GC invocations=55 (full 0):
 garbage-first heap   total 273408K, used 160285K [0x0000000080000000, 0x0000000100000000)
  region size 1024K, 13 young (13312K), 4 survivors (4096K)
 Metaspace       used 122549K, capacity 125677K, committed 126584K, reserved 1159168K
  class space    used 15365K, capacity 16562K, committed 17016K, reserved 1048576K
}
Event: 34.610 GC heap after
{Heap after GC invocations=56 (full 0):
 garbage-first heap   total 273408K, used 149939K [0x0000000080000000, 0x0000000100000000)
  region size 1024K, 1 young (1024K), 1 survivors (1024K)
 Metaspace       used 122549K, capacity 125677K, committed 126584K, reserved 1159168K
  class space    used 15365K, capacity 16562K, committed 17016K, reserved 1048576K
}
Event: 34.995 GC heap before
{Heap before GC invocations=56 (full 0):
 garbage-first heap   total 273408K, used 224691K [0x0000000080000000, 0x0000000100000000)
  region size 1024K, 74 young (75776K), 1 survivors (1024K)
 Metaspace       used 122770K, capacity 125934K, committed 126840K, reserved 1159168K
  class space    used 15383K, capacity 16581K, committed 17016K, reserved 1048576K
}
Event: 35.002 GC heap after
{Heap after GC invocations=57 (full 0):
 garbage-first heap   total 273408K, used 150118K [0x0000000080000000, 0x0000000100000000)
  region size 1024K, 2 young (2048K), 2 survivors (2048K)
 Metaspace       used 122770K, capacity 125934K, committed 126840K, reserved 1159168K
  class space    used 15383K, capacity 16581K, committed 17016K, reserved 1048576K
}
Event: 35.263 GC heap before
{Heap before GC invocations=57 (full 0):
 garbage-first heap   total 273408K, used 225894K [0x0000000080000000, 0x0000000100000000)
  region size 1024K, 77 young (78848K), 2 survivors (2048K)
 Metaspace       used 122819K, capacity 125956K, committed 126840K, reserved 1159168K
  class space    used 15387K, capacity 16587K, committed 17016K, reserved 1048576K
}
Event: 35.272 GC heap after
{Heap after GC invocations=58 (full 0):
 garbage-first heap   total 273408K, used 154387K [0x0000000080000000, 0x0000000100000000)
  region size 1024K, 6 young (6144K), 6 survivors (6144K)
 Metaspace       used 122819K, capacity 125956K, committed 126840K, reserved 1159168K
  class space    used 15387K, capacity 16587K, committed 17016K, reserved 1048576K
}
Event: 35.456 GC heap before
{Heap before GC invocations=58 (full 0):
 garbage-first heap   total 273408K, used 228115K [0x0000000080000000, 0x0000000100000000)
  region size 1024K, 78 young (79872K), 6 survivors (6144K)
 Metaspace       used 122864K, capacity 126026K, committed 126840K, reserved 1159168K
  class space    used 15388K, capacity 16588K, committed 17016K, reserved 1048576K
}
Event: 35.465 GC heap after
{Heap after GC invocations=59 (full 0):
 garbage-first heap   total 328704K, used 154659K [0x0000000080000000, 0x0000000100000000)
  region size 1024K, 5 young (5120K), 5 survivors (5120K)
 Metaspace       used 122864K, capacity 126026K, committed 126840K, reserved 1159168K
  class space    used 15388K, capacity 16588K, committed 17016K, reserved 1048576K
}
Event: 35.815 GC heap before
{Heap before GC invocations=59 (full 0):
 garbage-first heap   total 328704K, used 259107K [0x0000000080000000, 0x0000000100000000)
  region size 1024K, 108 young (110592K), 5 survivors (5120K)
 Metaspace       used 122954K, capacity 126094K, committed 127096K, reserved 1159168K
  class space    used 15388K, capacity 16588K, committed 17016K, reserved 1048576K
}
Event: 35.822 GC heap after
{Heap after GC invocations=60 (full 0):
 garbage-first heap   total 328704K, used 154539K [0x0000000080000000, 0x0000000100000000)
  region size 1024K, 5 young (5120K), 5 survivors (5120K)
 Metaspace       used 122954K, capacity 126094K, committed 127096K, reserved 1159168K
  class space    used 15388K, capacity 16588K, committed 17016K, reserved 1048576K
}
Event: 36.183 GC heap before
{Heap before GC invocations=60 (full 0):
 garbage-first heap   total 328704K, used 264107K [0x0000000080000000, 0x0000000100000000)
  region size 1024K, 112 young (114688K), 5 survivors (5120K)
 Metaspace       used 123175K, capacity 126323K, committed 127096K, reserved 1159168K
  class space    used 15391K, capacity 16592K, committed 17016K, reserved 1048576K
}
Event: 36.191 GC heap after
{Heap after GC invocations=61 (full 0):
 garbage-first heap   total 328704K, used 157648K [0x0000000080000000, 0x0000000100000000)
  region size 1024K, 8 young (8192K), 8 survivors (8192K)
 Metaspace       used 123175K, capacity 126323K, committed 127096K, reserved 1159168K
  class space    used 15391K, capacity 16592K, committed 17016K, reserved 1048576K
}
Event: 36.425 GC heap before
{Heap before GC invocations=61 (full 0):
 garbage-first heap   total 328704K, used 268240K [0x0000000080000000, 0x0000000100000000)
  region size 1024K, 117 young (119808K), 8 survivors (8192K)
 Metaspace       used 123424K, capacity 126548K, committed 127352K, reserved 1159168K
  class space    used 15391K, capacity 16592K, committed 17016K, reserved 1048576K
}
Event: 36.434 GC heap after
{Heap after GC invocations=62 (full 0):
 garbage-first heap   total 328704K, used 156649K [0x0000000080000000, 0x0000000100000000)
  region size 1024K, 7 young (7168K), 7 survivors (7168K)
 Metaspace       used 123424K, capacity 126548K, committed 127352K, reserved 1159168K
  class space    used 15391K, capacity 16592K, committed 17016K, reserved 1048576K
}
Event: 36.640 GC heap before
{Heap before GC invocations=62 (full 0):
 garbage-first heap   total 328704K, used 271337K [0x0000000080000000, 0x0000000100000000)
  region size 1024K, 119 young (121856K), 7 survivors (7168K)
 Metaspace       used 123578K, capacity 126768K, committed 127608K, reserved 1159168K
  class space    used 15397K, capacity 16593K, committed 17016K, reserved 1048576K
}
Event: 36.654 GC heap after
{Heap after GC invocations=63 (full 0):
 garbage-first heap   total 328704K, used 160258K [0x0000000080000000, 0x0000000100000000)
  region size 1024K, 11 young (11264K), 11 survivors (11264K)
 Metaspace       used 123578K, capacity 126768K, committed 127608K, reserved 1159168K
  class space    used 15397K, capacity 16593K, committed 17016K, reserved 1048576K
}
Event: 36.860 GC heap before
{Heap before GC invocations=63 (full 0):
 garbage-first heap   total 328704K, used 273922K [0x0000000080000000, 0x0000000100000000)
  region size 1024K, 123 young (125952K), 11 survivors (11264K)
 Metaspace       used 123723K, capacity 126855K, committed 127608K, reserved 1159168K
  class space    used 15406K, capacity 16594K, committed 17016K, reserved 1048576K
}

