# JRE version: OpenJDK Runtime Environment (11.0.12+7) (build 11.0.12+7-b1504.28-7817840)
# Java VM: OpenJDK 64-Bit Server VM (11.0.12+7-b1504.28-7817840, mixed mode, tiered, compressed oops, g1 gc, windows-amd64)
Heap:
 garbage-first heap   total 395264K, used 280829K [0x0000000080000000, 0x0000000100000000)
  region size 1024K, 158 young (161792K), 6 survivors (6144K)
 Metaspace       used 111563K, capacity 115051K, committed 115072K, reserved 1148928K
  class space    used 14391K, capacity 15732K, committed 15744K, reserved 1048576K
GC Heap History (20 events):
Event: 23.366 GC heap before
{Heap before GC invocations=37 (full 0):
 garbage-first heap   total 273408K, used 220295K [0x0000000080000000, 0x0000000100000000)
  region size 1024K, 97 young (99328K), 7 survivors (7168K)
 Metaspace       used 109821K, capacity 113110K, committed 113408K, reserved 1146880K
  class space    used 14281K, capacity 15568K, committed 15616K, reserved 1048576K
}
Event: 23.374 GC heap after
{Heap after GC invocations=38 (full 0):
 garbage-first heap   total 273408K, used 128129K [0x0000000080000000, 0x0000000100000000)
  region size 1024K, 7 young (7168K), 7 survivors (7168K)
 Metaspace       used 109821K, capacity 113110K, committed 113408K, reserved 1146880K
  class space    used 14281K, capacity 15568K, committed 15616K, reserved 1048576K
}
Event: 23.627 GC heap before
{Heap before GC invocations=38 (full 0):
 garbage-first heap   total 273408K, used 226433K [0x0000000080000000, 0x0000000100000000)
  region size 1024K, 103 young (105472K), 7 survivors (7168K)
 Metaspace       used 110053K, capacity 113325K, committed 113408K, reserved 1146880K
  class space    used 14289K, capacity 15572K, committed 15616K, reserved 1048576K
}
Event: 23.635 GC heap after
{Heap after GC invocations=39 (full 0):
 garbage-first heap   total 273408K, used 128563K [0x0000000080000000, 0x0000000100000000)
  region size 1024K, 7 young (7168K), 7 survivors (7168K)
 Metaspace       used 110053K, capacity 113325K, committed 113408K, reserved 1146880K
  class space    used 14289K, capacity 15572K, committed 15616K, reserved 1048576K
}
Event: 23.845 GC heap before
{Heap before GC invocations=39 (full 0):
 garbage-first heap   total 273408K, used 230963K [0x0000000080000000, 0x0000000100000000)
  region size 1024K, 107 young (109568K), 7 survivors (7168K)
 Metaspace       used 110169K, capacity 113464K, committed 113664K, reserved 1146880K
  class space    used 14290K, capacity 15573K, committed 15616K, reserved 1048576K
}
Event: 23.852 GC heap after
{Heap after GC invocations=40 (full 0):
 garbage-first heap   total 273408K, used 128130K [0x0000000080000000, 0x0000000100000000)
  region size 1024K, 7 young (7168K), 7 survivors (7168K)
 Metaspace       used 110169K, capacity 113464K, committed 113664K, reserved 1146880K
  class space    used 14290K, capacity 15573K, committed 15616K, reserved 1048576K
}
Event: 24.100 GC heap before
{Heap before GC invocations=40 (full 0):
 garbage-first heap   total 273408K, used 231554K [0x0000000080000000, 0x0000000100000000)
  region size 1024K, 108 young (110592K), 7 survivors (7168K)
 Metaspace       used 110382K, capacity 113627K, committed 113920K, reserved 1146880K
  class space    used 14290K, capacity 15574K, committed 15616K, reserved 1048576K
}
Event: 24.108 GC heap after
{Heap after GC invocations=41 (full 0):
 garbage-first heap   total 273408K, used 128126K [0x0000000080000000, 0x0000000100000000)
  region size 1024K, 7 young (7168K), 7 survivors (7168K)
 Metaspace       used 110382K, capacity 113627K, committed 113920K, reserved 1146880K
  class space    used 14290K, capacity 15574K, committed 15616K, reserved 1048576K
}
Event: 24.410 GC heap before
{Heap before GC invocations=41 (full 0):
 garbage-first heap   total 273408K, used 235646K [0x0000000080000000, 0x0000000100000000)
  region size 1024K, 111 young (113664K), 7 survivors (7168K)
 Metaspace       used 110559K, capacity 113857K, committed 113920K, reserved 1146880K
  class space    used 14291K, capacity 15576K, committed 15616K, reserved 1048576K
}
Event: 24.418 GC heap after
{Heap after GC invocations=42 (full 0):
 garbage-first heap   total 273408K, used 124599K [0x0000000080000000, 0x0000000100000000)
  region size 1024K, 3 young (3072K), 3 survivors (3072K)
 Metaspace       used 110559K, capacity 113857K, committed 113920K, reserved 1146880K
  class space    used 14291K, capacity 15576K, committed 15616K, reserved 1048576K
}
Event: 24.683 GC heap before
{Heap before GC invocations=42 (full 0):
 garbage-first heap   total 273408K, used 237239K [0x0000000080000000, 0x0000000100000000)
  region size 1024K, 113 young (115712K), 3 survivors (3072K)
 Metaspace       used 110626K, capacity 113858K, committed 113920K, reserved 1146880K
  class space    used 14293K, capacity 15576K, committed 15616K, reserved 1048576K
}
Event: 24.697 GC heap after
{Heap after GC invocations=43 (full 0):
 garbage-first heap   total 328704K, used 130644K [0x0000000080000000, 0x0000000100000000)
  region size 1024K, 9 young (9216K), 9 survivors (9216K)
 Metaspace       used 110626K, capacity 113858K, committed 113920K, reserved 1146880K
  class space    used 14293K, capacity 15576K, committed 15616K, reserved 1048576K
}
Event: 25.025 GC heap before
{Heap before GC invocations=43 (full 0):
 garbage-first heap   total 328704K, used 267860K [0x0000000080000000, 0x0000000100000000)
  region size 1024K, 144 young (147456K), 9 survivors (9216K)
 Metaspace       used 110686K, capacity 113938K, committed 114176K, reserved 1148928K
  class space    used 14293K, capacity 15576K, committed 15616K, reserved 1048576K
}
Event: 25.034 GC heap after
{Heap after GC invocations=44 (full 0):
 garbage-first heap   total 328704K, used 129352K [0x0000000080000000, 0x0000000100000000)
  region size 1024K, 8 young (8192K), 8 survivors (8192K)
 Metaspace       used 110686K, capacity 113938K, committed 114176K, reserved 1148928K
  class space    used 14293K, capacity 15576K, committed 15616K, reserved 1048576K
}
Event: 25.395 GC heap before
{Heap before GC invocations=44 (full 0):
 garbage-first heap   total 328704K, used 271688K [0x0000000080000000, 0x0000000100000000)
  region size 1024K, 147 young (150528K), 8 survivors (8192K)
 Metaspace       used 110706K, capacity 113939K, committed 114176K, reserved 1148928K
  class space    used 14293K, capacity 15576K, committed 15616K, reserved 1048576K
}
Event: 25.403 GC heap after
{Heap after GC invocations=45 (full 0):
 garbage-first heap   total 328704K, used 129004K [0x0000000080000000, 0x0000000100000000)
  region size 1024K, 7 young (7168K), 7 survivors (7168K)
 Metaspace       used 110706K, capacity 113939K, committed 114176K, reserved 1148928K
  class space    used 14293K, capacity 15576K, committed 15616K, reserved 1048576K
}
Event: 25.916 GC heap before
{Heap before GC invocations=45 (full 0):
 garbage-first heap   total 328704K, used 283628K [0x0000000080000000, 0x0000000100000000)
  region size 1024K, 157 young (160768K), 7 survivors (7168K)
 Metaspace       used 111062K, capacity 114323K, committed 114560K, reserved 1148928K
  class space    used 14325K, capacity 15629K, committed 15744K, reserved 1048576K
}
Event: 25.928 GC heap after
{Heap after GC invocations=46 (full 0):
 garbage-first heap   total 328704K, used 127462K [0x0000000080000000, 0x0000000100000000)
  region size 1024K, 6 young (6144K), 6 survivors (6144K)
 Metaspace       used 111062K, capacity 114323K, committed 114560K, reserved 1148928K
  class space    used 14325K, capacity 15629K, committed 15744K, reserved 1048576K
}
Event: 26.536 GC heap before
{Heap before GC invocations=46 (full 0):
 garbage-first heap   total 328704K, used 281062K [0x0000000080000000, 0x0000000100000000)
  region size 1024K, 156 young (159744K), 6 survivors (6144K)
 Metaspace       used 111465K, capacity 114902K, committed 115072K, reserved 1148928K
  class space    used 14388K, capacity 15730K, committed 15744K, reserved 1048576K
}
Event: 26.548 GC heap after
{Heap after GC invocations=47 (full 0):
 garbage-first heap   total 395264K, used 127229K [0x0000000080000000, 0x0000000100000000)
  region size 1024K, 6 young (6144K), 6 survivors (6144K)
 Metaspace       used 111465K, capacity 114902K, committed 115072K, reserved 1148928K
  class space    used 14388K, capacity 15730K, committed 15744K, reserved 1048576K
}

