# JRE version: OpenJDK Runtime Environment (11.0.12+7) (build 11.0.12+7-b1504.28-7817840)
# Java VM: OpenJDK 64-Bit Server VM (11.0.12+7-b1504.28-7817840, mixed mode, tiered, compressed oops, g1 gc, windows-amd64)
Heap:
 garbage-first heap   total 395264K, used 305596K [0x0000000080000000, 0x0000000100000000)
  region size 1024K, 164 young (167936K), 11 survivors (11264K)
 Metaspace       used 110598K, capacity 113591K, committed 114680K, reserved 1148928K
  class space    used 14158K, capacity 15315K, committed 15864K, reserved 1048576K
GC Heap History (20 events):
Event: 23.701 GC heap before
{Heap before GC invocations=34 (full 0):
 garbage-first heap   total 273408K, used 211968K [0x0000000080000000, 0x0000000100000000)
  region size 1024K, 84 young (86016K), 3 survivors (3072K)
 Metaspace       used 108951K, capacity 111927K, committed 113400K, reserved 1146880K
  class space    used 14097K, capacity 15237K, committed 15864K, reserved 1048576K
}
Event: 23.714 GC heap after
{Heap after GC invocations=35 (full 0):
 garbage-first heap   total 273408K, used 134570K [0x0000000080000000, 0x0000000100000000)
  region size 1024K, 8 young (8192K), 8 survivors (8192K)
 Metaspace       used 108951K, capacity 111927K, committed 113400K, reserved 1146880K
  class space    used 14097K, capacity 15237K, committed 15864K, reserved 1048576K
}
Event: 23.927 GC heap before
{Heap before GC invocations=35 (full 0):
 garbage-first heap   total 273408K, used 215466K [0x0000000080000000, 0x0000000100000000)
  region size 1024K, 88 young (90112K), 8 survivors (8192K)
 Metaspace       used 109125K, capacity 112099K, committed 113656K, reserved 1146880K
  class space    used 14113K, capacity 15251K, committed 15864K, reserved 1048576K
}
Event: 23.946 GC heap after
{Heap after GC invocations=36 (full 0):
 garbage-first heap   total 273408K, used 138549K [0x0000000080000000, 0x0000000100000000)
  region size 1024K, 9 young (9216K), 9 survivors (9216K)
 Metaspace       used 109125K, capacity 112099K, committed 113656K, reserved 1146880K
  class space    used 14113K, capacity 15251K, committed 15864K, reserved 1048576K
}
Event: 24.320 GC heap before
{Heap before GC invocations=36 (full 0):
 garbage-first heap   total 273408K, used 219445K [0x0000000080000000, 0x0000000100000000)
  region size 1024K, 89 young (91136K), 9 survivors (9216K)
 Metaspace       used 109173K, capacity 112123K, committed 113656K, reserved 1146880K
  class space    used 14123K, capacity 15259K, committed 15864K, reserved 1048576K
}
Event: 24.331 GC heap after
{Heap after GC invocations=37 (full 0):
 garbage-first heap   total 273408K, used 138823K [0x0000000080000000, 0x0000000100000000)
  region size 1024K, 5 young (5120K), 5 survivors (5120K)
 Metaspace       used 109173K, capacity 112123K, committed 113656K, reserved 1146880K
  class space    used 14123K, capacity 15259K, committed 15864K, reserved 1048576K
}
Event: 24.610 GC heap before
{Heap before GC invocations=38 (full 0):
 garbage-first heap   total 273408K, used 223815K [0x0000000080000000, 0x0000000100000000)
  region size 1024K, 88 young (90112K), 5 survivors (5120K)
 Metaspace       used 109182K, capacity 112135K, committed 113656K, reserved 1146880K
  class space    used 14125K, capacity 15263K, committed 15864K, reserved 1048576K
}
Event: 24.621 GC heap after
{Heap after GC invocations=39 (full 0):
 garbage-first heap   total 328704K, used 138201K [0x0000000080000000, 0x0000000100000000)
  region size 1024K, 5 young (5120K), 5 survivors (5120K)
 Metaspace       used 109182K, capacity 112135K, committed 113656K, reserved 1146880K
  class space    used 14125K, capacity 15263K, committed 15864K, reserved 1048576K
}
Event: 24.988 GC heap before
{Heap before GC invocations=39 (full 0):
 garbage-first heap   total 328704K, used 249817K [0x0000000080000000, 0x0000000100000000)
  region size 1024K, 114 young (116736K), 5 survivors (5120K)
 Metaspace       used 109463K, capacity 112415K, committed 113912K, reserved 1146880K
  class space    used 14128K, capacity 15266K, committed 15864K, reserved 1048576K
}
Event: 24.994 GC heap after
{Heap after GC invocations=40 (full 0):
 garbage-first heap   total 328704K, used 137799K [0x0000000080000000, 0x0000000100000000)
  region size 1024K, 4 young (4096K), 4 survivors (4096K)
 Metaspace       used 109463K, capacity 112415K, committed 113912K, reserved 1146880K
  class space    used 14128K, capacity 15266K, committed 15864K, reserved 1048576K
}
Event: 25.495 GC heap before
{Heap before GC invocations=40 (full 0):
 garbage-first heap   total 328704K, used 272967K [0x0000000080000000, 0x0000000100000000)
  region size 1024K, 137 young (140288K), 4 survivors (4096K)
 Metaspace       used 109974K, capacity 112968K, committed 114168K, reserved 1146880K
  class space    used 14144K, capacity 15305K, committed 15864K, reserved 1048576K
}
Event: 25.504 GC heap after
{Heap after GC invocations=41 (full 0):
 garbage-first heap   total 328704K, used 139205K [0x0000000080000000, 0x0000000100000000)
  region size 1024K, 6 young (6144K), 6 survivors (6144K)
 Metaspace       used 109974K, capacity 112968K, committed 114168K, reserved 1146880K
  class space    used 14144K, capacity 15305K, committed 15864K, reserved 1048576K
}
Event: 25.897 GC heap before
{Heap before GC invocations=41 (full 0):
 garbage-first heap   total 328704K, used 276421K [0x0000000080000000, 0x0000000100000000)
  region size 1024K, 141 young (144384K), 6 survivors (6144K)
 Metaspace       used 110253K, capacity 113263K, committed 114424K, reserved 1148928K
  class space    used 14144K, capacity 15306K, committed 15864K, reserved 1048576K
}
Event: 25.910 GC heap after
{Heap after GC invocations=42 (full 0):
 garbage-first heap   total 328704K, used 143758K [0x0000000080000000, 0x0000000100000000)
  region size 1024K, 10 young (10240K), 10 survivors (10240K)
 Metaspace       used 110253K, capacity 113263K, committed 114424K, reserved 1148928K
  class space    used 14144K, capacity 15306K, committed 15864K, reserved 1048576K
}
Event: 26.162 GC heap before
{Heap before GC invocations=42 (full 0):
 garbage-first heap   total 328704K, used 277902K [0x0000000080000000, 0x0000000100000000)
  region size 1024K, 141 young (144384K), 10 survivors (10240K)
 Metaspace       used 110348K, capacity 113338K, committed 114680K, reserved 1148928K
  class space    used 14150K, capacity 15307K, committed 15864K, reserved 1048576K
}
Event: 26.173 GC heap after
{Heap after GC invocations=43 (full 0):
 garbage-first heap   total 328704K, used 144895K [0x0000000080000000, 0x0000000100000000)
  region size 1024K, 10 young (10240K), 10 survivors (10240K)
 Metaspace       used 110348K, capacity 113338K, committed 114680K, reserved 1148928K
  class space    used 14150K, capacity 15307K, committed 15864K, reserved 1048576K
}
Event: 26.491 GC heap before
{Heap before GC invocations=43 (full 0):
 garbage-first heap   total 328704K, used 278015K [0x0000000080000000, 0x0000000100000000)
  region size 1024K, 141 young (144384K), 10 survivors (10240K)
 Metaspace       used 110496K, capacity 113453K, committed 114680K, reserved 1148928K
  class space    used 14158K, capacity 15314K, committed 15864K, reserved 1048576K
}
Event: 26.501 GC heap after
{Heap after GC invocations=44 (full 0):
 garbage-first heap   total 328704K, used 146299K [0x0000000080000000, 0x0000000100000000)
  region size 1024K, 11 young (11264K), 11 survivors (11264K)
 Metaspace       used 110496K, capacity 113453K, committed 114680K, reserved 1148928K
  class space    used 14158K, capacity 15314K, committed 15864K, reserved 1048576K
}
Event: 26.755 GC heap before
{Heap before GC invocations=44 (full 0):
 garbage-first heap   total 328704K, used 279419K [0x0000000080000000, 0x0000000100000000)
  region size 1024K, 141 young (144384K), 11 survivors (11264K)
 Metaspace       used 110519K, capacity 113518K, committed 114680K, reserved 1148928K
  class space    used 14158K, capacity 15314K, committed 15864K, reserved 1048576K
}
Event: 26.778 GC heap after
{Heap after GC invocations=45 (full 0):
 garbage-first heap   total 395264K, used 149948K [0x0000000080000000, 0x0000000100000000)
  region size 1024K, 11 young (11264K), 11 survivors (11264K)
 Metaspace       used 110519K, capacity 113518K, committed 114680K, reserved 1148928K
  class space    used 14158K, capacity 15314K, committed 15864K, reserved 1048576K
}

