# JRE version: OpenJDK Runtime Environment (11.0.12+7) (build 11.0.12+7-b1504.28-7817840)
# Java VM: OpenJDK 64-Bit Server VM (11.0.12+7-b1504.28-7817840, mixed mode, tiered, compressed oops, g1 gc, windows-amd64)
Heap:
 garbage-first heap   total 652288K, used 185600K [0x0000000080000000, 0x0000000100000000)
  region size 1024K, 3 young (3072K), 3 survivors (3072K)
 Metaspace       used 108857K, capacity 111694K, committed 111896K, reserved 1146880K
  class space    used 14042K, capacity 15138K, committed 15256K, reserved 1048576K
GC Heap History (20 events):
Event: 43.626 GC heap after
{Heap after GC invocations=47 (full 0):
 garbage-first heap   total 189440K, used 104611K [0x0000000080000000, 0x0000000100000000)
  region size 1024K, 6 young (6144K), 6 survivors (6144K)
 Metaspace       used 95439K, capacity 97661K, committed 98072K, reserved 1134592K
  class space    used 12245K, capacity 13060K, committed 13208K, reserved 1048576K
}
Event: 43.844 GC heap before
{Heap before GC invocations=47 (full 0):
 garbage-first heap   total 189440K, used 150691K [0x0000000080000000, 0x0000000100000000)
  region size 1024K, 52 young (53248K), 6 survivors (6144K)
 Metaspace       used 96751K, capacity 99173K, committed 99224K, reserved 1134592K
  class space    used 12442K, capacity 13310K, committed 13336K, reserved 1048576K
}
Event: 43.856 GC heap after
{Heap after GC invocations=48 (full 0):
 garbage-first heap   total 189440K, used 113409K [0x0000000080000000, 0x0000000100000000)
  region size 1024K, 7 young (7168K), 7 survivors (7168K)
 Metaspace       used 96751K, capacity 99173K, committed 99224K, reserved 1134592K
  class space    used 12442K, capacity 13310K, committed 13336K, reserved 1048576K
}
Event: 44.020 GC heap before
{Heap before GC invocations=48 (full 0):
 garbage-first heap   total 189440K, used 152321K [0x0000000080000000, 0x0000000100000000)
  region size 1024K, 46 young (47104K), 7 survivors (7168K)
 Metaspace       used 97933K, capacity 100323K, committed 100504K, reserved 1136640K
  class space    used 12600K, capacity 13481K, committed 13592K, reserved 1048576K
}
Event: 44.028 GC heap after
{Heap after GC invocations=49 (full 0):
 garbage-first heap   total 235520K, used 119206K [0x0000000080000000, 0x0000000100000000)
  region size 1024K, 6 young (6144K), 6 survivors (6144K)
 Metaspace       used 97933K, capacity 100323K, committed 100504K, reserved 1136640K
  class space    used 12600K, capacity 13481K, committed 13592K, reserved 1048576K
}
Event: 44.357 GC heap before
{Heap before GC invocations=50 (full 0):
 garbage-first heap   total 235520K, used 179622K [0x0000000080000000, 0x0000000100000000)
  region size 1024K, 66 young (67584K), 6 survivors (6144K)
 Metaspace       used 100013K, capacity 102454K, committed 102552K, reserved 1138688K
  class space    used 12866K, capacity 13770K, committed 13848K, reserved 1048576K
}
Event: 44.370 GC heap after
{Heap after GC invocations=51 (full 0):
 garbage-first heap   total 235520K, used 129731K [0x0000000080000000, 0x0000000100000000)
  region size 1024K, 9 young (9216K), 9 survivors (9216K)
 Metaspace       used 100013K, capacity 102454K, committed 102552K, reserved 1138688K
  class space    used 12866K, capacity 13770K, committed 13848K, reserved 1048576K
}
Event: 44.617 GC heap before
{Heap before GC invocations=51 (full 0):
 garbage-first heap   total 235520K, used 182979K [0x0000000080000000, 0x0000000100000000)
  region size 1024K, 62 young (63488K), 9 survivors (9216K)
 Metaspace       used 101525K, capacity 104026K, committed 104344K, reserved 1140736K
  class space    used 13070K, capacity 14014K, committed 14104K, reserved 1048576K
}
Event: 44.650 GC heap after
{Heap after GC invocations=52 (full 0):
 garbage-first heap   total 235520K, used 138400K [0x0000000080000000, 0x0000000100000000)
  region size 1024K, 8 young (8192K), 8 survivors (8192K)
 Metaspace       used 101525K, capacity 104026K, committed 104344K, reserved 1140736K
  class space    used 13070K, capacity 14014K, committed 14104K, reserved 1048576K
}
Event: 44.821 GC heap before
{Heap before GC invocations=52 (full 0):
 garbage-first heap   total 235520K, used 187552K [0x0000000080000000, 0x0000000100000000)
  region size 1024K, 56 young (57344K), 8 survivors (8192K)
 Metaspace       used 102194K, capacity 104802K, committed 104984K, reserved 1140736K
  class space    used 13147K, capacity 14120K, committed 14232K, reserved 1048576K
}
Event: 44.843 GC heap after
{Heap after GC invocations=53 (full 0):
 garbage-first heap   total 235520K, used 147456K [0x0000000080000000, 0x0000000100000000)
  region size 1024K, 7 young (7168K), 7 survivors (7168K)
 Metaspace       used 102194K, capacity 104802K, committed 104984K, reserved 1140736K
  class space    used 13147K, capacity 14120K, committed 14232K, reserved 1048576K
}
Event: 45.037 GC heap before
{Heap before GC invocations=53 (full 0):
 garbage-first heap   total 235520K, used 191488K [0x0000000080000000, 0x0000000100000000)
  region size 1024K, 50 young (51200K), 7 survivors (7168K)
 Metaspace       used 102286K, capacity 104829K, committed 105240K, reserved 1140736K
  class space    used 13153K, capacity 14118K, committed 14232K, reserved 1048576K
}
Event: 45.065 GC heap after
{Heap after GC invocations=54 (full 0):
 garbage-first heap   total 355328K, used 156104K [0x0000000080000000, 0x0000000100000000)
  region size 1024K, 7 young (7168K), 7 survivors (7168K)
 Metaspace       used 102286K, capacity 104829K, committed 105240K, reserved 1140736K
  class space    used 13153K, capacity 14118K, committed 14232K, reserved 1048576K
}
Event: 45.277 GC heap before
{Heap before GC invocations=55 (full 0):
 garbage-first heap   total 355328K, used 237000K [0x0000000080000000, 0x0000000100000000)
  region size 1024K, 86 young (88064K), 7 survivors (7168K)
 Metaspace       used 103166K, capacity 105763K, committed 105880K, reserved 1140736K
  class space    used 13320K, capacity 14297K, committed 14360K, reserved 1048576K
}
Event: 45.307 GC heap after
{Heap after GC invocations=56 (full 0):
 garbage-first heap   total 355328K, used 169774K [0x0000000080000000, 0x0000000100000000)
  region size 1024K, 11 young (11264K), 11 survivors (11264K)
 Metaspace       used 103166K, capacity 105763K, committed 105880K, reserved 1140736K
  class space    used 13320K, capacity 14297K, committed 14360K, reserved 1048576K
}
Event: 45.658 GC heap before
{Heap before GC invocations=56 (full 0):
 garbage-first heap   total 355328K, used 255790K [0x0000000080000000, 0x0000000100000000)
  region size 1024K, 95 young (97280K), 11 survivors (11264K)
 Metaspace       used 105849K, capacity 108615K, committed 108696K, reserved 1142784K
  class space    used 13763K, capacity 14825K, committed 14872K, reserved 1048576K
}
Event: 45.695 GC heap after
{Heap after GC invocations=57 (full 0):
 garbage-first heap   total 355328K, used 183133K [0x0000000080000000, 0x0000000100000000)
  region size 1024K, 12 young (12288K), 12 survivors (12288K)
 Metaspace       used 105849K, capacity 108615K, committed 108696K, reserved 1142784K
  class space    used 13763K, capacity 14825K, committed 14872K, reserved 1048576K
}
Event: 46.337 GC heap before
{Heap before GC invocations=57 (full 0):
 garbage-first heap   total 355328K, used 269149K [0x0000000080000000, 0x0000000100000000)
  region size 1024K, 96 young (98304K), 12 survivors (12288K)
 Metaspace       used 107830K, capacity 110670K, committed 110744K, reserved 1144832K
  class space    used 13970K, capacity 15074K, committed 15128K, reserved 1048576K
}
Event: 46.358 GC heap after
{Heap after GC invocations=58 (full 0):
 garbage-first heap   total 355328K, used 185628K [0x0000000080000000, 0x0000000100000000)
  region size 1024K, 3 young (3072K), 3 survivors (3072K)
 Metaspace       used 107830K, capacity 110670K, committed 110744K, reserved 1144832K
  class space    used 13970K, capacity 15074K, committed 15128K, reserved 1048576K
}
Event: 47.128 GC heap before
{Heap before GC invocations=59 (full 0):
 garbage-first heap   total 355328K, used 273692K [0x0000000080000000, 0x0000000100000000)
  region size 1024K, 90 young (92160K), 3 survivors (3072K)
 Metaspace       used 108857K, capacity 111694K, committed 111896K, reserved 1146880K
  class space    used 14042K, capacity 15138K, committed 15256K, reserved 1048576K
}

