# JRE version: OpenJDK Runtime Environment (11.0.12+7) (build 11.0.12+7-b1504.28-7817840)
# Java VM: OpenJDK 64-Bit Server VM (11.0.12+7-b1504.28-7817840, mixed mode, tiered, compressed oops, g1 gc, windows-amd64)
Heap:
 garbage-first heap   total 343040K, used 203743K [0x0000000080000000, 0x0000000100000000)
  region size 1024K, 29 young (29696K), 11 survivors (11264K)
 Metaspace       used 160270K, capacity 165429K, committed 165760K, reserved 1193984K
  class space    used 19837K, capacity 21801K, committed 21888K, reserved 1048576K
GC Heap History (20 events):
Event: 14025.525 GC heap before
{Heap before GC invocations=185 (full 0):
 garbage-first heap   total 273408K, used 203033K [0x0000000080000000, 0x0000000100000000)
  region size 1024K, 37 young (37888K), 2 survivors (2048K)
 Metaspace       used 144040K, capacity 147825K, committed 147968K, reserved 1179648K
  class space    used 17330K, capacity 18628K, committed 18688K, reserved 1048576K
}
Event: 14025.531 GC heap after
{Heap after GC invocations=186 (full 0):
 garbage-first heap   total 273408K, used 167661K [0x0000000080000000, 0x0000000100000000)
  region size 1024K, 1 young (1024K), 1 survivors (1024K)
 Metaspace       used 144040K, capacity 147825K, committed 147968K, reserved 1179648K
  class space    used 17330K, capacity 18628K, committed 18688K, reserved 1048576K
}
Event: 14026.745 GC heap before
{Heap before GC invocations=187 (full 0):
 garbage-first heap   total 273408K, used 210669K [0x0000000080000000, 0x0000000100000000)
  region size 1024K, 42 young (43008K), 1 survivors (1024K)
 Metaspace       used 144656K, capacity 148438K, committed 148608K, reserved 1179648K
  class space    used 17399K, capacity 18705K, committed 18816K, reserved 1048576K
}
Event: 14026.753 GC heap after
{Heap after GC invocations=188 (full 0):
 garbage-first heap   total 343040K, used 168448K [0x0000000080000000, 0x0000000100000000)
  region size 1024K, 2 young (2048K), 2 survivors (2048K)
 Metaspace       used 144656K, capacity 148438K, committed 148608K, reserved 1179648K
  class space    used 17399K, capacity 18705K, committed 18816K, reserved 1048576K
}
Event: 14027.197 GC heap before
{Heap before GC invocations=188 (full 0):
 garbage-first heap   total 343040K, used 182784K [0x0000000080000000, 0x0000000100000000)
  region size 1024K, 16 young (16384K), 2 survivors (2048K)
 Metaspace       used 145263K, capacity 149026K, committed 149120K, reserved 1179648K
  class space    used 17475K, capacity 18812K, committed 18816K, reserved 1048576K
}
Event: 14027.203 GC heap after
{Heap after GC invocations=189 (full 0):
 garbage-first heap   total 343040K, used 160314K [0x0000000080000000, 0x0000000100000000)
  region size 1024K, 1 young (1024K), 1 survivors (1024K)
 Metaspace       used 145263K, capacity 149026K, committed 149120K, reserved 1179648K
  class space    used 17475K, capacity 18812K, committed 18816K, reserved 1048576K
}
Event: 14030.616 GC heap before
{Heap before GC invocations=189 (full 0):
 garbage-first heap   total 343040K, used 243258K [0x0000000080000000, 0x0000000100000000)
  region size 1024K, 83 young (84992K), 1 survivors (1024K)
 Metaspace       used 146112K, capacity 149855K, committed 150016K, reserved 1179648K
  class space    used 17543K, capacity 18866K, committed 18944K, reserved 1048576K
}
Event: 14030.623 GC heap after
{Heap after GC invocations=190 (full 0):
 garbage-first heap   total 343040K, used 163267K [0x0000000080000000, 0x0000000100000000)
  region size 1024K, 4 young (4096K), 4 survivors (4096K)
 Metaspace       used 146112K, capacity 149855K, committed 150016K, reserved 1179648K
  class space    used 17543K, capacity 18866K, committed 18944K, reserved 1048576K
}
Event: 14032.017 GC heap before
{Heap before GC invocations=191 (full 0):
 garbage-first heap   total 343040K, used 251331K [0x0000000080000000, 0x0000000100000000)
  region size 1024K, 91 young (93184K), 4 survivors (4096K)
 Metaspace       used 147314K, capacity 151117K, committed 151424K, reserved 1181696K
  class space    used 17662K, capacity 19005K, committed 19072K, reserved 1048576K
}
Event: 14032.028 GC heap after
{Heap after GC invocations=192 (full 0):
 garbage-first heap   total 343040K, used 169648K [0x0000000080000000, 0x0000000100000000)
  region size 1024K, 10 young (10240K), 10 survivors (10240K)
 Metaspace       used 147314K, capacity 151117K, committed 151424K, reserved 1181696K
  class space    used 17662K, capacity 19005K, committed 19072K, reserved 1048576K
}
Event: 14032.086 GC heap before
{Heap before GC invocations=192 (full 0):
 garbage-first heap   total 343040K, used 174768K [0x0000000080000000, 0x0000000100000000)
  region size 1024K, 16 young (16384K), 10 survivors (10240K)
 Metaspace       used 147369K, capacity 151126K, committed 151424K, reserved 1181696K
  class space    used 17670K, capacity 19008K, committed 19072K, reserved 1048576K
}
Event: 14032.098 GC heap after
{Heap after GC invocations=193 (full 0):
 garbage-first heap   total 343040K, used 170166K [0x0000000080000000, 0x0000000100000000)
  region size 1024K, 2 young (2048K), 2 survivors (2048K)
 Metaspace       used 147369K, capacity 151126K, committed 151424K, reserved 1181696K
  class space    used 17670K, capacity 19008K, committed 19072K, reserved 1048576K
}
Event: 14034.672 GC heap before
{Heap before GC invocations=193 (full 0):
 garbage-first heap   total 343040K, used 259254K [0x0000000080000000, 0x0000000100000000)
  region size 1024K, 90 young (92160K), 2 survivors (2048K)
 Metaspace       used 147467K, capacity 151320K, committed 151424K, reserved 1181696K
  class space    used 17680K, capacity 19047K, committed 19072K, reserved 1048576K
}
Event: 14034.681 GC heap after
{Heap after GC invocations=194 (full 0):
 garbage-first heap   total 343040K, used 170724K [0x0000000080000000, 0x0000000100000000)
  region size 1024K, 3 young (3072K), 3 survivors (3072K)
 Metaspace       used 147467K, capacity 151320K, committed 151424K, reserved 1181696K
  class space    used 17680K, capacity 19047K, committed 19072K, reserved 1048576K
}
Event: 14035.572 GC heap before
{Heap before GC invocations=195 (full 0):
 garbage-first heap   total 343040K, used 269028K [0x0000000080000000, 0x0000000100000000)
  region size 1024K, 100 young (102400K), 3 survivors (3072K)
 Metaspace       used 152251K, capacity 156381K, committed 156672K, reserved 1185792K
  class space    used 18400K, capacity 19880K, committed 19968K, reserved 1048576K
}
Event: 14035.584 GC heap after
{Heap after GC invocations=196 (full 0):
 garbage-first heap   total 343040K, used 177877K [0x0000000080000000, 0x0000000100000000)
  region size 1024K, 10 young (10240K), 10 survivors (10240K)
 Metaspace       used 152251K, capacity 156381K, committed 156672K, reserved 1185792K
  class space    used 18400K, capacity 19880K, committed 19968K, reserved 1048576K
}
Event: 14035.624 GC heap before
{Heap before GC invocations=196 (full 0):
 garbage-first heap   total 343040K, used 184021K [0x0000000080000000, 0x0000000100000000)
  region size 1024K, 16 young (16384K), 10 survivors (10240K)
 Metaspace       used 152822K, capacity 156957K, committed 157184K, reserved 1185792K
  class space    used 18468K, capacity 19944K, committed 19968K, reserved 1048576K
}
Event: 14035.635 GC heap after
{Heap after GC invocations=197 (full 0):
 garbage-first heap   total 343040K, used 176962K [0x0000000080000000, 0x0000000100000000)
  region size 1024K, 2 young (2048K), 2 survivors (2048K)
 Metaspace       used 152822K, capacity 156957K, committed 157184K, reserved 1185792K
  class space    used 18468K, capacity 19944K, committed 19968K, reserved 1048576K
}
Event: 14036.284 GC heap before
{Heap before GC invocations=197 (full 0):
 garbage-first heap   total 343040K, used 274242K [0x0000000080000000, 0x0000000100000000)
  region size 1024K, 98 young (100352K), 2 survivors (2048K)
 Metaspace       used 160077K, capacity 165149K, committed 165376K, reserved 1193984K
  class space    used 19806K, capacity 21750K, committed 21760K, reserved 1048576K
}
Event: 14036.319 GC heap after
{Heap after GC invocations=198 (full 0):
 garbage-first heap   total 343040K, used 186335K [0x0000000080000000, 0x0000000100000000)
  region size 1024K, 11 young (11264K), 11 survivors (11264K)
 Metaspace       used 160077K, capacity 165149K, committed 165376K, reserved 1193984K
  class space    used 19806K, capacity 21750K, committed 21760K, reserved 1048576K
}

